2022-09-12 23:46:42,505 [main] INFO  [com.pig4cloud.pig.datas.test] StartupInfoLogger.java:55 - Starting test using Java 1.8.0_231 on LAPTOP-GF9QHP01 with PID 9604 (started by 18210 in D:\fl\projects\fig\pig\datas\datas-biz)
2022-09-12 23:46:42,516 [main] INFO  [com.pig4cloud.pig.datas.test] SpringApplication.java:640 - No active profile set, falling back to 1 default profile: "default"
2022-09-12 23:46:42,516 [background-preinit] INFO  [org.hibernate.validator.internal.util.Version] Version.java:21 - HV000001: Hibernate Validator 6.2.3.Final
2022-09-12 23:46:43,870 [main] INFO  [o.s.context.annotation.AutoProxyRegistrar] AutoProxyRegistrar.java:83 - AutoProxyRegistrar was imported but no annotations were found having both 'mode' and 'proxyTargetClass' attributes of type AdviceMode and boolean respectively. This means that auto proxy creator registration and configuration may not have occurred as intended, and components may not be proxied as expected. Check to ensure that AutoProxyRegistrar has been @Import'ed on the same class where these annotations are declared; otherwise remove the import of AutoProxyRegistrar altogether.
2022-09-12 23:46:44,558 [main] INFO  [o.s.d.r.config.RepositoryConfigurationDelegate] RepositoryConfigurationDelegate.java:262 - Multiple Spring Data modules found, entering strict repository configuration mode!
2022-09-12 23:46:44,568 [main] INFO  [o.s.d.r.config.RepositoryConfigurationDelegate] RepositoryConfigurationDelegate.java:132 - Bootstrapping Spring Data Redis repositories in DEFAULT mode.
2022-09-12 23:46:44,606 [main] INFO  [o.s.d.r.config.RepositoryConfigurationDelegate] RepositoryConfigurationDelegate.java:201 - Finished Spring Data repository scanning in 13 ms. Found 0 Redis repository interfaces.
2022-09-12 23:46:45,102 [main] INFO  [o.springframework.cloud.context.scope.GenericScope] GenericScope.java:283 - BeanFactory id=6c0f0672-e54f-3401-b419-29397ca32838
2022-09-12 23:46:45,194 [main] INFO  [c.u.j.c.EnableEncryptablePropertiesBeanFactoryPostProcessor] EnableEncryptablePropertiesBeanFactoryPostProcessor.java:50 - Post-processing PropertySource instances
2022-09-12 23:46:45,258 [main] INFO  [c.u.j.EncryptablePropertySourceConverter] EncryptablePropertySourceConverter.java:38 - Converting PropertySource configurationProperties [org.springframework.boot.context.properties.source.ConfigurationPropertySourcesPropertySource] to AOP Proxy
2022-09-12 23:46:45,258 [main] INFO  [c.u.j.EncryptablePropertySourceConverter] EncryptablePropertySourceConverter.java:38 - Converting PropertySource test [org.springframework.core.env.MapPropertySource] to EncryptableMapPropertySourceWrapper
2022-09-12 23:46:45,258 [main] INFO  [c.u.j.EncryptablePropertySourceConverter] EncryptablePropertySourceConverter.java:38 - Converting PropertySource Inlined Test Properties [org.springframework.core.env.MapPropertySource] to EncryptableMapPropertySourceWrapper
2022-09-12 23:46:45,258 [main] INFO  [c.u.j.EncryptablePropertySourceConverter] EncryptablePropertySourceConverter.java:38 - Converting PropertySource servletConfigInitParams [org.springframework.core.env.PropertySource$StubPropertySource] to EncryptablePropertySourceWrapper
2022-09-12 23:46:45,258 [main] INFO  [c.u.j.EncryptablePropertySourceConverter] EncryptablePropertySourceConverter.java:38 - Converting PropertySource servletContextInitParams [org.springframework.web.context.support.ServletContextPropertySource] to EncryptableEnumerablePropertySourceWrapper
2022-09-12 23:46:45,258 [main] INFO  [c.u.j.EncryptablePropertySourceConverter] EncryptablePropertySourceConverter.java:38 - Converting PropertySource systemProperties [org.springframework.core.env.PropertiesPropertySource] to EncryptableMapPropertySourceWrapper
2022-09-12 23:46:45,258 [main] INFO  [c.u.j.EncryptablePropertySourceConverter] EncryptablePropertySourceConverter.java:38 - Converting PropertySource systemEnvironment [org.springframework.boot.env.SystemEnvironmentPropertySourceEnvironmentPostProcessor$OriginAwareSystemEnvironmentPropertySource] to EncryptableMapPropertySourceWrapper
2022-09-12 23:46:45,258 [main] INFO  [c.u.j.EncryptablePropertySourceConverter] EncryptablePropertySourceConverter.java:38 - Converting PropertySource random [org.springframework.boot.env.RandomValuePropertySource] to EncryptablePropertySourceWrapper
2022-09-12 23:46:45,258 [main] INFO  [c.u.j.EncryptablePropertySourceConverter] EncryptablePropertySourceConverter.java:38 - Converting PropertySource cachedrandom [org.springframework.cloud.util.random.CachedRandomPropertySource] to EncryptablePropertySourceWrapper
2022-09-12 23:46:45,258 [main] INFO  [c.u.j.EncryptablePropertySourceConverter] EncryptablePropertySourceConverter.java:38 - Converting PropertySource springCloudClientHostInfo [org.springframework.core.env.MapPropertySource] to EncryptableMapPropertySourceWrapper
2022-09-12 23:46:45,258 [main] INFO  [c.u.j.EncryptablePropertySourceConverter] EncryptablePropertySourceConverter.java:38 - Converting PropertySource application-dev.yml [org.springframework.boot.env.OriginTrackedMapPropertySource] to EncryptableMapPropertySourceWrapper
2022-09-12 23:46:45,258 [main] INFO  [c.u.j.EncryptablePropertySourceConverter] EncryptablePropertySourceConverter.java:38 - Converting PropertySource Config resource 'class path resource [application.yml]' via location 'optional:classpath:/' [org.springframework.boot.env.OriginTrackedMapPropertySource] to EncryptableMapPropertySourceWrapper
2022-09-12 23:46:45,306 [main] INFO  [c.u.j.filter.DefaultLazyPropertyFilter] DefaultLazyPropertyFilter.java:31 - Property Filter custom Bean not found with name 'encryptablePropertyFilter'. Initializing Default Property Filter
2022-09-12 23:46:45,324 [main] INFO  [o.s.c.s.PostProcessorRegistrationDelegate$BeanPostProcessorChecker] PostProcessorRegistrationDelegate.java:376 - Bean 'org.springframework.cloud.commons.config.CommonsConfigAutoConfiguration' of type [org.springframework.cloud.commons.config.CommonsConfigAutoConfiguration] is not eligible for getting processed by all BeanPostProcessors (for example: not eligible for auto-proxying)
2022-09-12 23:46:45,339 [main] INFO  [o.s.c.s.PostProcessorRegistrationDelegate$BeanPostProcessorChecker] PostProcessorRegistrationDelegate.java:376 - Bean 'org.springframework.cloud.client.loadbalancer.LoadBalancerDefaultMappingsProviderAutoConfiguration' of type [org.springframework.cloud.client.loadbalancer.LoadBalancerDefaultMappingsProviderAutoConfiguration] is not eligible for getting processed by all BeanPostProcessors (for example: not eligible for auto-proxying)
2022-09-12 23:46:45,339 [main] INFO  [o.s.c.s.PostProcessorRegistrationDelegate$BeanPostProcessorChecker] PostProcessorRegistrationDelegate.java:376 - Bean 'loadBalancerClientsDefaultsMappingsProvider' of type [org.springframework.cloud.client.loadbalancer.LoadBalancerDefaultMappingsProviderAutoConfiguration$$Lambda$807/2067233363] is not eligible for getting processed by all BeanPostProcessors (for example: not eligible for auto-proxying)
2022-09-12 23:46:45,339 [main] INFO  [o.s.c.s.PostProcessorRegistrationDelegate$BeanPostProcessorChecker] PostProcessorRegistrationDelegate.java:376 - Bean 'defaultsBindHandlerAdvisor' of type [org.springframework.cloud.commons.config.DefaultsBindHandlerAdvisor] is not eligible for getting processed by all BeanPostProcessors (for example: not eligible for auto-proxying)
2022-09-12 23:46:45,339 [main] INFO  [o.s.c.s.PostProcessorRegistrationDelegate$BeanPostProcessorChecker] PostProcessorRegistrationDelegate.java:376 - Bean 'stringToNoneShardingStrategyConfigurationConverter' of type [org.apache.shardingsphere.spring.boot.converter.StringToNoneShardingStrategyConfigurationConverter] is not eligible for getting processed by all BeanPostProcessors (for example: not eligible for auto-proxying)
2022-09-12 23:46:45,356 [main] INFO  [o.s.c.s.PostProcessorRegistrationDelegate$BeanPostProcessorChecker] PostProcessorRegistrationDelegate.java:376 - Bean 'spring.shardingsphere-org.apache.shardingsphere.spring.boot.prop.SpringBootPropertiesConfiguration' of type [org.apache.shardingsphere.spring.boot.prop.SpringBootPropertiesConfiguration] is not eligible for getting processed by all BeanPostProcessors (for example: not eligible for auto-proxying)
2022-09-12 23:46:45,356 [main] INFO  [c.u.j.resolver.DefaultLazyPropertyResolver] DefaultLazyPropertyResolver.java:31 - Property Resolver custom Bean not found with name 'encryptablePropertyResolver'. Initializing Default Property Resolver
2022-09-12 23:46:45,356 [main] INFO  [c.u.j.detector.DefaultLazyPropertyDetector] DefaultLazyPropertyDetector.java:30 - Property Detector custom Bean not found with name 'encryptablePropertyDetector'. Initializing Default Property Detector
2022-09-12 23:46:45,745 [main] INFO  [o.s.c.s.PostProcessorRegistrationDelegate$BeanPostProcessorChecker] PostProcessorRegistrationDelegate.java:376 - Bean 'org.apache.shardingsphere.spring.boot.ShardingSphereAutoConfiguration' of type [org.apache.shardingsphere.spring.boot.ShardingSphereAutoConfiguration$$EnhancerBySpringCGLIB$$342139d] is not eligible for getting processed by all BeanPostProcessors (for example: not eligible for auto-proxying)
2022-09-12 23:46:46,358 [main] INFO  [o.s.c.s.PostProcessorRegistrationDelegate$BeanPostProcessorChecker] PostProcessorRegistrationDelegate.java:376 - Bean 'spring.cloud.sentinel-com.alibaba.cloud.sentinel.SentinelProperties' of type [com.alibaba.cloud.sentinel.SentinelProperties] is not eligible for getting processed by all BeanPostProcessors (for example: not eligible for auto-proxying)
2022-09-12 23:46:46,486 [main] INFO  [o.s.c.s.PostProcessorRegistrationDelegate$BeanPostProcessorChecker] PostProcessorRegistrationDelegate.java:376 - Bean 'com.alibaba.cloud.sentinel.custom.SentinelAutoConfiguration' of type [com.alibaba.cloud.sentinel.custom.SentinelAutoConfiguration] is not eligible for getting processed by all BeanPostProcessors (for example: not eligible for auto-proxying)
2022-09-12 23:46:46,992 [main] INFO  [com.zaxxer.hikari.HikariDataSource] HikariDataSource.java:110 - HikariPool-1 - Starting...
2022-09-12 23:46:47,169 [main] INFO  [com.zaxxer.hikari.HikariDataSource] HikariDataSource.java:123 - HikariPool-1 - Start completed.
2022-09-12 23:46:47,185 [main] INFO  [com.zaxxer.hikari.HikariDataSource] HikariDataSource.java:110 - HikariPool-2 - Starting...
2022-09-12 23:46:47,185 [main] INFO  [com.zaxxer.hikari.HikariDataSource] HikariDataSource.java:123 - HikariPool-2 - Start completed.
2022-09-12 23:46:51,032 [main] INFO  [c.alibaba.cloud.sentinel.SentinelWebMvcConfigurer] SentinelWebMvcConfigurer.java:52 - [Sentinel Starter] register SentinelWebInterceptor with urlPatterns: [/**].
2022-09-12 23:46:52,512 [main] INFO  [o.s.cloud.openfeign.FeignClientFactoryBean] FeignClientFactoryBean.java:418 - For 'pig-upms-biz' URL not provided. Will try picking an instance via load-balancing.
2022-09-12 23:46:53,048 [main] INFO  [o.s.cloud.openfeign.FeignClientFactoryBean] FeignClientFactoryBean.java:418 - For 'pig-upms-biz' URL not provided. Will try picking an instance via load-balancing.
2022-09-12 23:46:53,591 [main] INFO  [org.quartz.impl.StdSchedulerFactory] StdSchedulerFactory.java:1220 - Using default implementation for ThreadExecutor
2022-09-12 23:46:53,607 [main] INFO  [org.quartz.core.SchedulerSignalerImpl] SchedulerSignalerImpl.java:61 - Initialized Scheduler Signaller of type: class org.quartz.core.SchedulerSignalerImpl
2022-09-12 23:46:53,607 [main] INFO  [org.quartz.core.QuartzScheduler] QuartzScheduler.java:229 - Quartz Scheduler v.2.3.2 created.
2022-09-12 23:46:53,607 [main] INFO  [org.quartz.simpl.RAMJobStore] RAMJobStore.java:155 - RAMJobStore initialized.
2022-09-12 23:46:53,607 [main] INFO  [org.quartz.core.QuartzScheduler] QuartzScheduler.java:294 - Scheduler meta-data: Quartz Scheduler (v2.3.2) 'quartzScheduler' with instanceId 'NON_CLUSTERED'
  Scheduler class: 'org.quartz.core.QuartzScheduler' - running locally.
  NOT STARTED.
  Currently in standby mode.
  Number of jobs executed: 0
  Using thread pool 'org.quartz.simpl.SimpleThreadPool' - with 10 threads.
  Using job-store 'org.quartz.simpl.RAMJobStore' - which does not support persistence. and is not clustered.

2022-09-12 23:46:53,607 [main] INFO  [org.quartz.impl.StdSchedulerFactory] StdSchedulerFactory.java:1374 - Quartz scheduler 'quartzScheduler' initialized from an externally provided properties instance.
2022-09-12 23:46:53,607 [main] INFO  [org.quartz.impl.StdSchedulerFactory] StdSchedulerFactory.java:1378 - Quartz scheduler version: 2.3.2
2022-09-12 23:46:53,623 [main] INFO  [org.quartz.core.QuartzScheduler] QuartzScheduler.java:2293 - JobFactory set to: org.springframework.scheduling.quartz.SpringBeanJobFactory@156c1c4e
2022-09-12 23:46:55,483 [main] INFO  [o.s.security.web.DefaultSecurityFilterChain] DefaultSecurityFilterChain.java:55 - Will secure any request with [org.springframework.security.web.context.request.async.WebAsyncManagerIntegrationFilter@6448679f, org.springframework.security.web.context.SecurityContextPersistenceFilter@5e9af5d4, org.springframework.security.web.header.HeaderWriterFilter@7a8c01ef, org.springframework.security.web.authentication.logout.LogoutFilter@58914623, org.springframework.security.oauth2.provider.authentication.OAuth2AuthenticationProcessingFilter@3d640f70, org.springframework.security.web.savedrequest.RequestCacheAwareFilter@43f06942, org.springframework.security.web.servletapi.SecurityContextHolderAwareRequestFilter@49b7eb3, org.springframework.security.web.authentication.AnonymousAuthenticationFilter@3413a3a6, org.springframework.security.web.session.SessionManagementFilter@7863e6b2, org.springframework.security.web.access.ExceptionTranslationFilter@3b977a31, org.springframework.security.web.access.intercept.FilterSecurityInterceptor@4aab04cf]
2022-09-12 23:46:55,848 [main] INFO  [o.s.b.actuate.endpoint.web.EndpointLinksResolver] EndpointLinksResolver.java:58 - Exposing 21 endpoint(s) beneath base path '/actuator'
2022-09-12 23:47:02,198 [main] INFO  [o.s.m.simp.broker.SimpleBrokerMessageHandler] CompositeLog.java:137 - Starting...
2022-09-12 23:47:02,199 [main] INFO  [o.s.m.simp.broker.SimpleBrokerMessageHandler] CompositeLog.java:137 - BrokerAvailabilityEvent[available=true, SimpleBrokerMessageHandler [org.springframework.messaging.simp.broker.DefaultSubscriptionRegistry@adeb5a6]]
2022-09-12 23:47:02,200 [main] INFO  [o.s.m.simp.broker.SimpleBrokerMessageHandler] CompositeLog.java:137 - Started.
2022-09-12 23:47:02,200 [main] INFO  [o.s.scheduling.quartz.SchedulerFactoryBean] SchedulerFactoryBean.java:729 - Starting Quartz Scheduler now
2022-09-12 23:47:02,200 [main] INFO  [org.quartz.core.QuartzScheduler] QuartzScheduler.java:547 - Scheduler quartzScheduler_$_NON_CLUSTERED started.
2022-09-12 23:47:02,215 [main] INFO  [com.pig4cloud.pig.datas.test] StartupInfoLogger.java:61 - Started test in 26.921 seconds (JVM running for 28.381)
2022-09-12 23:47:02,218 [main] INFO  [c.a.cloud.nacos.refresh.NacosContextRefresher] NacosContextRefresher.java:105 - listening config: dataId=datas-biz-dev.yml, group=DEFAULT_GROUP
2022-09-12 23:47:02,218 [main] INFO  [c.a.cloud.nacos.refresh.NacosContextRefresher] NacosContextRefresher.java:105 - listening config: dataId=application-dev.yml, group=DEFAULT_GROUP
2022-09-12 23:47:03,265 [main] INFO  [ShardingSphere-SQL] SQLLogger.java:74 - Logic SQL: SELECT  id,pro,city,native_relative,asymptomatic,asymptomatic_relative,confirmed,confirmed_relative,died,died_relative,cur_confirm,crued,crued_relative,city_code,administrative_code,create_by,create_time,update_by,update_time  FROM data_china_city 
 
 WHERE (city = ?)
2022-09-12 23:47:03,265 [main] INFO  [ShardingSphere-SQL] SQLLogger.java:74 - SQLStatement: MySQLSelectStatement(table=Optional.empty, limit=Optional.empty, lock=Optional.empty, window=Optional.empty)
2022-09-12 23:47:03,265 [main] INFO  [ShardingSphere-SQL] SQLLogger.java:74 - Actual SQL: slave0 ::: SELECT  id,pro,city,native_relative,asymptomatic,asymptomatic_relative,confirmed,confirmed_relative,died,died_relative,cur_confirm,crued,crued_relative,city_code,administrative_code,create_by,create_time,update_by,update_time  FROM data_china_city 
 
 WHERE (city = ?) ::: [ssss]
2022-09-12 23:47:03,369 [SpringApplicationShutdownHook] INFO  [o.s.m.simp.broker.SimpleBrokerMessageHandler] CompositeLog.java:137 - Stopping...
2022-09-12 23:47:03,369 [SpringApplicationShutdownHook] INFO  [o.s.m.simp.broker.SimpleBrokerMessageHandler] CompositeLog.java:137 - BrokerAvailabilityEvent[available=false, SimpleBrokerMessageHandler [org.springframework.messaging.simp.broker.DefaultSubscriptionRegistry@adeb5a6]]
2022-09-12 23:47:03,369 [SpringApplicationShutdownHook] INFO  [o.s.m.simp.broker.SimpleBrokerMessageHandler] CompositeLog.java:137 - Stopped.
2022-09-12 23:47:03,369 [SpringApplicationShutdownHook] INFO  [org.quartz.core.QuartzScheduler] QuartzScheduler.java:585 - Scheduler quartzScheduler_$_NON_CLUSTERED paused.
2022-09-12 23:47:03,369 [SpringApplicationShutdownHook] INFO  [o.s.scheduling.quartz.SchedulerFactoryBean] SchedulerFactoryBean.java:847 - Shutting down Quartz Scheduler
2022-09-12 23:47:03,369 [SpringApplicationShutdownHook] INFO  [org.quartz.core.QuartzScheduler] QuartzScheduler.java:666 - Scheduler quartzScheduler_$_NON_CLUSTERED shutting down.
2022-09-12 23:47:03,369 [SpringApplicationShutdownHook] INFO  [org.quartz.core.QuartzScheduler] QuartzScheduler.java:585 - Scheduler quartzScheduler_$_NON_CLUSTERED paused.
2022-09-12 23:47:03,369 [SpringApplicationShutdownHook] INFO  [org.quartz.core.QuartzScheduler] QuartzScheduler.java:740 - Scheduler quartzScheduler_$_NON_CLUSTERED shutdown complete.
2022-09-12 23:47:09,451 [SpringApplicationShutdownHook] INFO  [com.zaxxer.hikari.HikariDataSource] HikariDataSource.java:350 - HikariPool-1 - Shutdown initiated...
2022-09-12 23:47:09,460 [SpringApplicationShutdownHook] INFO  [com.zaxxer.hikari.HikariDataSource] HikariDataSource.java:352 - HikariPool-1 - Shutdown completed.
2022-09-12 23:47:09,460 [SpringApplicationShutdownHook] INFO  [com.zaxxer.hikari.HikariDataSource] HikariDataSource.java:350 - HikariPool-2 - Shutdown initiated...
2022-09-12 23:47:09,460 [SpringApplicationShutdownHook] INFO  [com.zaxxer.hikari.HikariDataSource] HikariDataSource.java:352 - HikariPool-2 - Shutdown completed.
2022-09-12 23:47:22,077 [main] INFO  [com.pig4cloud.pig.datas.test] StartupInfoLogger.java:55 - Starting test using Java 1.8.0_231 on LAPTOP-GF9QHP01 with PID 1696 (started by 18210 in D:\fl\projects\fig\pig\datas\datas-biz)
2022-09-12 23:47:22,079 [main] INFO  [com.pig4cloud.pig.datas.test] SpringApplication.java:640 - No active profile set, falling back to 1 default profile: "default"
2022-09-12 23:47:22,081 [background-preinit] INFO  [org.hibernate.validator.internal.util.Version] Version.java:21 - HV000001: Hibernate Validator 6.2.3.Final
2022-09-12 23:47:23,588 [main] INFO  [o.s.context.annotation.AutoProxyRegistrar] AutoProxyRegistrar.java:83 - AutoProxyRegistrar was imported but no annotations were found having both 'mode' and 'proxyTargetClass' attributes of type AdviceMode and boolean respectively. This means that auto proxy creator registration and configuration may not have occurred as intended, and components may not be proxied as expected. Check to ensure that AutoProxyRegistrar has been @Import'ed on the same class where these annotations are declared; otherwise remove the import of AutoProxyRegistrar altogether.
2022-09-12 23:47:24,198 [main] INFO  [o.s.d.r.config.RepositoryConfigurationDelegate] RepositoryConfigurationDelegate.java:262 - Multiple Spring Data modules found, entering strict repository configuration mode!
2022-09-12 23:47:24,198 [main] INFO  [o.s.d.r.config.RepositoryConfigurationDelegate] RepositoryConfigurationDelegate.java:132 - Bootstrapping Spring Data Redis repositories in DEFAULT mode.
2022-09-12 23:47:24,231 [main] INFO  [o.s.d.r.config.RepositoryConfigurationDelegate] RepositoryConfigurationDelegate.java:201 - Finished Spring Data repository scanning in 10 ms. Found 0 Redis repository interfaces.
2022-09-12 23:47:24,750 [main] INFO  [o.springframework.cloud.context.scope.GenericScope] GenericScope.java:283 - BeanFactory id=6c0f0672-e54f-3401-b419-29397ca32838
2022-09-12 23:47:24,866 [main] INFO  [c.u.j.c.EnableEncryptablePropertiesBeanFactoryPostProcessor] EnableEncryptablePropertiesBeanFactoryPostProcessor.java:50 - Post-processing PropertySource instances
2022-09-12 23:47:24,958 [main] INFO  [c.u.j.EncryptablePropertySourceConverter] EncryptablePropertySourceConverter.java:38 - Converting PropertySource configurationProperties [org.springframework.boot.context.properties.source.ConfigurationPropertySourcesPropertySource] to AOP Proxy
2022-09-12 23:47:24,961 [main] INFO  [c.u.j.EncryptablePropertySourceConverter] EncryptablePropertySourceConverter.java:38 - Converting PropertySource test [org.springframework.core.env.MapPropertySource] to EncryptableMapPropertySourceWrapper
2022-09-12 23:47:24,961 [main] INFO  [c.u.j.EncryptablePropertySourceConverter] EncryptablePropertySourceConverter.java:38 - Converting PropertySource Inlined Test Properties [org.springframework.core.env.MapPropertySource] to EncryptableMapPropertySourceWrapper
2022-09-12 23:47:24,962 [main] INFO  [c.u.j.EncryptablePropertySourceConverter] EncryptablePropertySourceConverter.java:38 - Converting PropertySource servletConfigInitParams [org.springframework.core.env.PropertySource$StubPropertySource] to EncryptablePropertySourceWrapper
2022-09-12 23:47:24,962 [main] INFO  [c.u.j.EncryptablePropertySourceConverter] EncryptablePropertySourceConverter.java:38 - Converting PropertySource servletContextInitParams [org.springframework.web.context.support.ServletContextPropertySource] to EncryptableEnumerablePropertySourceWrapper
2022-09-12 23:47:24,962 [main] INFO  [c.u.j.EncryptablePropertySourceConverter] EncryptablePropertySourceConverter.java:38 - Converting PropertySource systemProperties [org.springframework.core.env.PropertiesPropertySource] to EncryptableMapPropertySourceWrapper
2022-09-12 23:47:24,963 [main] INFO  [c.u.j.EncryptablePropertySourceConverter] EncryptablePropertySourceConverter.java:38 - Converting PropertySource systemEnvironment [org.springframework.boot.env.SystemEnvironmentPropertySourceEnvironmentPostProcessor$OriginAwareSystemEnvironmentPropertySource] to EncryptableMapPropertySourceWrapper
2022-09-12 23:47:24,963 [main] INFO  [c.u.j.EncryptablePropertySourceConverter] EncryptablePropertySourceConverter.java:38 - Converting PropertySource random [org.springframework.boot.env.RandomValuePropertySource] to EncryptablePropertySourceWrapper
2022-09-12 23:47:24,963 [main] INFO  [c.u.j.EncryptablePropertySourceConverter] EncryptablePropertySourceConverter.java:38 - Converting PropertySource cachedrandom [org.springframework.cloud.util.random.CachedRandomPropertySource] to EncryptablePropertySourceWrapper
2022-09-12 23:47:24,963 [main] INFO  [c.u.j.EncryptablePropertySourceConverter] EncryptablePropertySourceConverter.java:38 - Converting PropertySource springCloudClientHostInfo [org.springframework.core.env.MapPropertySource] to EncryptableMapPropertySourceWrapper
2022-09-12 23:47:24,963 [main] INFO  [c.u.j.EncryptablePropertySourceConverter] EncryptablePropertySourceConverter.java:38 - Converting PropertySource application-dev.yml [org.springframework.boot.env.OriginTrackedMapPropertySource] to EncryptableMapPropertySourceWrapper
2022-09-12 23:47:24,963 [main] INFO  [c.u.j.EncryptablePropertySourceConverter] EncryptablePropertySourceConverter.java:38 - Converting PropertySource Config resource 'class path resource [application.yml]' via location 'optional:classpath:/' [org.springframework.boot.env.OriginTrackedMapPropertySource] to EncryptableMapPropertySourceWrapper
2022-09-12 23:47:25,045 [main] INFO  [c.u.j.filter.DefaultLazyPropertyFilter] DefaultLazyPropertyFilter.java:31 - Property Filter custom Bean not found with name 'encryptablePropertyFilter'. Initializing Default Property Filter
2022-09-12 23:47:25,085 [main] INFO  [o.s.c.s.PostProcessorRegistrationDelegate$BeanPostProcessorChecker] PostProcessorRegistrationDelegate.java:376 - Bean 'org.springframework.cloud.commons.config.CommonsConfigAutoConfiguration' of type [org.springframework.cloud.commons.config.CommonsConfigAutoConfiguration] is not eligible for getting processed by all BeanPostProcessors (for example: not eligible for auto-proxying)
2022-09-12 23:47:25,090 [main] INFO  [o.s.c.s.PostProcessorRegistrationDelegate$BeanPostProcessorChecker] PostProcessorRegistrationDelegate.java:376 - Bean 'org.springframework.cloud.client.loadbalancer.LoadBalancerDefaultMappingsProviderAutoConfiguration' of type [org.springframework.cloud.client.loadbalancer.LoadBalancerDefaultMappingsProviderAutoConfiguration] is not eligible for getting processed by all BeanPostProcessors (for example: not eligible for auto-proxying)
2022-09-12 23:47:25,092 [main] INFO  [o.s.c.s.PostProcessorRegistrationDelegate$BeanPostProcessorChecker] PostProcessorRegistrationDelegate.java:376 - Bean 'loadBalancerClientsDefaultsMappingsProvider' of type [org.springframework.cloud.client.loadbalancer.LoadBalancerDefaultMappingsProviderAutoConfiguration$$Lambda$807/659906939] is not eligible for getting processed by all BeanPostProcessors (for example: not eligible for auto-proxying)
2022-09-12 23:47:25,095 [main] INFO  [o.s.c.s.PostProcessorRegistrationDelegate$BeanPostProcessorChecker] PostProcessorRegistrationDelegate.java:376 - Bean 'defaultsBindHandlerAdvisor' of type [org.springframework.cloud.commons.config.DefaultsBindHandlerAdvisor] is not eligible for getting processed by all BeanPostProcessors (for example: not eligible for auto-proxying)
2022-09-12 23:47:25,103 [main] INFO  [o.s.c.s.PostProcessorRegistrationDelegate$BeanPostProcessorChecker] PostProcessorRegistrationDelegate.java:376 - Bean 'stringToNoneShardingStrategyConfigurationConverter' of type [org.apache.shardingsphere.spring.boot.converter.StringToNoneShardingStrategyConfigurationConverter] is not eligible for getting processed by all BeanPostProcessors (for example: not eligible for auto-proxying)
2022-09-12 23:47:25,112 [main] INFO  [o.s.c.s.PostProcessorRegistrationDelegate$BeanPostProcessorChecker] PostProcessorRegistrationDelegate.java:376 - Bean 'spring.shardingsphere-org.apache.shardingsphere.spring.boot.prop.SpringBootPropertiesConfiguration' of type [org.apache.shardingsphere.spring.boot.prop.SpringBootPropertiesConfiguration] is not eligible for getting processed by all BeanPostProcessors (for example: not eligible for auto-proxying)
2022-09-12 23:47:25,125 [main] INFO  [c.u.j.resolver.DefaultLazyPropertyResolver] DefaultLazyPropertyResolver.java:31 - Property Resolver custom Bean not found with name 'encryptablePropertyResolver'. Initializing Default Property Resolver
2022-09-12 23:47:25,129 [main] INFO  [c.u.j.detector.DefaultLazyPropertyDetector] DefaultLazyPropertyDetector.java:30 - Property Detector custom Bean not found with name 'encryptablePropertyDetector'. Initializing Default Property Detector
2022-09-12 23:47:26,004 [main] INFO  [o.s.c.s.PostProcessorRegistrationDelegate$BeanPostProcessorChecker] PostProcessorRegistrationDelegate.java:376 - Bean 'org.apache.shardingsphere.spring.boot.ShardingSphereAutoConfiguration' of type [org.apache.shardingsphere.spring.boot.ShardingSphereAutoConfiguration$$EnhancerBySpringCGLIB$$847d9a5e] is not eligible for getting processed by all BeanPostProcessors (for example: not eligible for auto-proxying)
2022-09-12 23:47:27,215 [main] INFO  [o.s.c.s.PostProcessorRegistrationDelegate$BeanPostProcessorChecker] PostProcessorRegistrationDelegate.java:376 - Bean 'spring.cloud.sentinel-com.alibaba.cloud.sentinel.SentinelProperties' of type [com.alibaba.cloud.sentinel.SentinelProperties] is not eligible for getting processed by all BeanPostProcessors (for example: not eligible for auto-proxying)
2022-09-12 23:47:27,383 [main] INFO  [o.s.c.s.PostProcessorRegistrationDelegate$BeanPostProcessorChecker] PostProcessorRegistrationDelegate.java:376 - Bean 'com.alibaba.cloud.sentinel.custom.SentinelAutoConfiguration' of type [com.alibaba.cloud.sentinel.custom.SentinelAutoConfiguration] is not eligible for getting processed by all BeanPostProcessors (for example: not eligible for auto-proxying)
2022-09-12 23:47:28,146 [main] INFO  [com.zaxxer.hikari.HikariDataSource] HikariDataSource.java:110 - HikariPool-1 - Starting...
2022-09-12 23:47:28,484 [main] INFO  [com.zaxxer.hikari.HikariDataSource] HikariDataSource.java:123 - HikariPool-1 - Start completed.
2022-09-12 23:47:28,498 [main] INFO  [com.zaxxer.hikari.HikariDataSource] HikariDataSource.java:110 - HikariPool-2 - Starting...
2022-09-12 23:47:28,506 [main] INFO  [com.zaxxer.hikari.HikariDataSource] HikariDataSource.java:123 - HikariPool-2 - Start completed.
2022-09-12 23:47:35,204 [main] INFO  [c.alibaba.cloud.sentinel.SentinelWebMvcConfigurer] SentinelWebMvcConfigurer.java:52 - [Sentinel Starter] register SentinelWebInterceptor with urlPatterns: [/**].
2022-09-12 23:47:37,793 [main] INFO  [o.s.cloud.openfeign.FeignClientFactoryBean] FeignClientFactoryBean.java:418 - For 'pig-upms-biz' URL not provided. Will try picking an instance via load-balancing.
2022-09-12 23:47:38,576 [main] INFO  [o.s.cloud.openfeign.FeignClientFactoryBean] FeignClientFactoryBean.java:418 - For 'pig-upms-biz' URL not provided. Will try picking an instance via load-balancing.
2022-09-12 23:47:39,366 [main] INFO  [org.quartz.impl.StdSchedulerFactory] StdSchedulerFactory.java:1220 - Using default implementation for ThreadExecutor
2022-09-12 23:47:39,398 [main] INFO  [org.quartz.core.SchedulerSignalerImpl] SchedulerSignalerImpl.java:61 - Initialized Scheduler Signaller of type: class org.quartz.core.SchedulerSignalerImpl
2022-09-12 23:47:39,398 [main] INFO  [org.quartz.core.QuartzScheduler] QuartzScheduler.java:229 - Quartz Scheduler v.2.3.2 created.
2022-09-12 23:47:39,416 [main] INFO  [org.quartz.simpl.RAMJobStore] RAMJobStore.java:155 - RAMJobStore initialized.
2022-09-12 23:47:39,416 [main] INFO  [org.quartz.core.QuartzScheduler] QuartzScheduler.java:294 - Scheduler meta-data: Quartz Scheduler (v2.3.2) 'quartzScheduler' with instanceId 'NON_CLUSTERED'
  Scheduler class: 'org.quartz.core.QuartzScheduler' - running locally.
  NOT STARTED.
  Currently in standby mode.
  Number of jobs executed: 0
  Using thread pool 'org.quartz.simpl.SimpleThreadPool' - with 10 threads.
  Using job-store 'org.quartz.simpl.RAMJobStore' - which does not support persistence. and is not clustered.

2022-09-12 23:47:39,416 [main] INFO  [org.quartz.impl.StdSchedulerFactory] StdSchedulerFactory.java:1374 - Quartz scheduler 'quartzScheduler' initialized from an externally provided properties instance.
2022-09-12 23:47:39,416 [main] INFO  [org.quartz.impl.StdSchedulerFactory] StdSchedulerFactory.java:1378 - Quartz scheduler version: 2.3.2
2022-09-12 23:47:39,416 [main] INFO  [org.quartz.core.QuartzScheduler] QuartzScheduler.java:2293 - JobFactory set to: org.springframework.scheduling.quartz.SpringBeanJobFactory@1a5478e8
2022-09-12 23:47:42,380 [main] INFO  [o.s.security.web.DefaultSecurityFilterChain] DefaultSecurityFilterChain.java:55 - Will secure any request with [org.springframework.security.web.context.request.async.WebAsyncManagerIntegrationFilter@27154b20, org.springframework.security.web.context.SecurityContextPersistenceFilter@4fb0884d, org.springframework.security.web.header.HeaderWriterFilter@61f56074, org.springframework.security.web.authentication.logout.LogoutFilter@6fd2b939, org.springframework.security.oauth2.provider.authentication.OAuth2AuthenticationProcessingFilter@12f43d7a, org.springframework.security.web.savedrequest.RequestCacheAwareFilter@6cb890ac, org.springframework.security.web.servletapi.SecurityContextHolderAwareRequestFilter@5eab3eac, org.springframework.security.web.authentication.AnonymousAuthenticationFilter@5316255e, org.springframework.security.web.session.SessionManagementFilter@7ef60643, org.springframework.security.web.access.ExceptionTranslationFilter@37e44608, org.springframework.security.web.access.intercept.FilterSecurityInterceptor@47651c28]
2022-09-12 23:47:43,115 [main] INFO  [o.s.b.actuate.endpoint.web.EndpointLinksResolver] EndpointLinksResolver.java:58 - Exposing 21 endpoint(s) beneath base path '/actuator'
2022-09-12 23:47:49,581 [main] INFO  [o.s.m.simp.broker.SimpleBrokerMessageHandler] CompositeLog.java:137 - Starting...
2022-09-12 23:47:49,581 [main] INFO  [o.s.m.simp.broker.SimpleBrokerMessageHandler] CompositeLog.java:137 - BrokerAvailabilityEvent[available=true, SimpleBrokerMessageHandler [org.springframework.messaging.simp.broker.DefaultSubscriptionRegistry@f563fc1]]
2022-09-12 23:47:49,581 [main] INFO  [o.s.m.simp.broker.SimpleBrokerMessageHandler] CompositeLog.java:137 - Started.
2022-09-12 23:47:49,581 [main] INFO  [o.s.scheduling.quartz.SchedulerFactoryBean] SchedulerFactoryBean.java:729 - Starting Quartz Scheduler now
2022-09-12 23:47:49,597 [main] INFO  [org.quartz.core.QuartzScheduler] QuartzScheduler.java:547 - Scheduler quartzScheduler_$_NON_CLUSTERED started.
2022-09-12 23:47:49,631 [main] INFO  [com.pig4cloud.pig.datas.test] StartupInfoLogger.java:61 - Started test in 34.559 seconds (JVM running for 35.829)
2022-09-12 23:47:49,649 [main] INFO  [c.a.cloud.nacos.refresh.NacosContextRefresher] NacosContextRefresher.java:105 - listening config: dataId=datas-biz-dev.yml, group=DEFAULT_GROUP
2022-09-12 23:47:49,649 [main] INFO  [c.a.cloud.nacos.refresh.NacosContextRefresher] NacosContextRefresher.java:105 - listening config: dataId=application-dev.yml, group=DEFAULT_GROUP
2022-09-12 23:47:51,202 [main] INFO  [ShardingSphere-SQL] SQLLogger.java:74 - Logic SQL: SELECT  id,pro,city,native_relative,asymptomatic,asymptomatic_relative,confirmed,confirmed_relative,died,died_relative,cur_confirm,crued,crued_relative,city_code,administrative_code,create_by,create_time,update_by,update_time  FROM data_china_city 
 
 WHERE (city = ?)
2022-09-12 23:47:51,202 [main] INFO  [ShardingSphere-SQL] SQLLogger.java:74 - SQLStatement: MySQLSelectStatement(table=Optional.empty, limit=Optional.empty, lock=Optional.empty, window=Optional.empty)
2022-09-12 23:47:51,202 [main] INFO  [ShardingSphere-SQL] SQLLogger.java:74 - Actual SQL: slave0 ::: SELECT  id,pro,city,native_relative,asymptomatic,asymptomatic_relative,confirmed,confirmed_relative,died,died_relative,cur_confirm,crued,crued_relative,city_code,administrative_code,create_by,create_time,update_by,update_time  FROM data_china_city 
 
 WHERE (city = ?) ::: [三沙]
2022-09-12 23:47:51,331 [SpringApplicationShutdownHook] INFO  [o.s.m.simp.broker.SimpleBrokerMessageHandler] CompositeLog.java:137 - Stopping...
2022-09-12 23:47:51,331 [SpringApplicationShutdownHook] INFO  [o.s.m.simp.broker.SimpleBrokerMessageHandler] CompositeLog.java:137 - BrokerAvailabilityEvent[available=false, SimpleBrokerMessageHandler [org.springframework.messaging.simp.broker.DefaultSubscriptionRegistry@f563fc1]]
2022-09-12 23:47:51,331 [SpringApplicationShutdownHook] INFO  [o.s.m.simp.broker.SimpleBrokerMessageHandler] CompositeLog.java:137 - Stopped.
2022-09-12 23:47:51,331 [SpringApplicationShutdownHook] INFO  [org.quartz.core.QuartzScheduler] QuartzScheduler.java:585 - Scheduler quartzScheduler_$_NON_CLUSTERED paused.
2022-09-12 23:47:51,335 [SpringApplicationShutdownHook] INFO  [o.s.scheduling.quartz.SchedulerFactoryBean] SchedulerFactoryBean.java:847 - Shutting down Quartz Scheduler
2022-09-12 23:47:51,335 [SpringApplicationShutdownHook] INFO  [org.quartz.core.QuartzScheduler] QuartzScheduler.java:666 - Scheduler quartzScheduler_$_NON_CLUSTERED shutting down.
2022-09-12 23:47:51,335 [SpringApplicationShutdownHook] INFO  [org.quartz.core.QuartzScheduler] QuartzScheduler.java:585 - Scheduler quartzScheduler_$_NON_CLUSTERED paused.
2022-09-12 23:47:51,337 [SpringApplicationShutdownHook] INFO  [org.quartz.core.QuartzScheduler] QuartzScheduler.java:740 - Scheduler quartzScheduler_$_NON_CLUSTERED shutdown complete.
2022-09-12 23:47:57,401 [SpringApplicationShutdownHook] INFO  [com.zaxxer.hikari.HikariDataSource] HikariDataSource.java:350 - HikariPool-1 - Shutdown initiated...
2022-09-12 23:47:57,417 [SpringApplicationShutdownHook] INFO  [com.zaxxer.hikari.HikariDataSource] HikariDataSource.java:352 - HikariPool-1 - Shutdown completed.
2022-09-12 23:47:57,417 [SpringApplicationShutdownHook] INFO  [com.zaxxer.hikari.HikariDataSource] HikariDataSource.java:350 - HikariPool-2 - Shutdown initiated...
2022-09-12 23:47:57,417 [SpringApplicationShutdownHook] INFO  [com.zaxxer.hikari.HikariDataSource] HikariDataSource.java:352 - HikariPool-2 - Shutdown completed.
2022-09-12 23:49:19,921 [background-preinit] INFO  [org.hibernate.validator.internal.util.Version] Version.java:21 - HV000001: Hibernate Validator 6.2.3.Final
2022-09-12 23:49:19,905 [main] INFO  [com.pig4cloud.pig.datas.test] StartupInfoLogger.java:55 - Starting test using Java 1.8.0_231 on LAPTOP-GF9QHP01 with PID 2932 (started by 18210 in D:\fl\projects\fig\pig\datas\datas-biz)
2022-09-12 23:49:19,922 [main] INFO  [com.pig4cloud.pig.datas.test] SpringApplication.java:640 - No active profile set, falling back to 1 default profile: "default"
2022-09-12 23:49:21,229 [main] INFO  [o.s.context.annotation.AutoProxyRegistrar] AutoProxyRegistrar.java:83 - AutoProxyRegistrar was imported but no annotations were found having both 'mode' and 'proxyTargetClass' attributes of type AdviceMode and boolean respectively. This means that auto proxy creator registration and configuration may not have occurred as intended, and components may not be proxied as expected. Check to ensure that AutoProxyRegistrar has been @Import'ed on the same class where these annotations are declared; otherwise remove the import of AutoProxyRegistrar altogether.
2022-09-12 23:49:21,914 [main] INFO  [o.s.d.r.config.RepositoryConfigurationDelegate] RepositoryConfigurationDelegate.java:262 - Multiple Spring Data modules found, entering strict repository configuration mode!
2022-09-12 23:49:21,914 [main] INFO  [o.s.d.r.config.RepositoryConfigurationDelegate] RepositoryConfigurationDelegate.java:132 - Bootstrapping Spring Data Redis repositories in DEFAULT mode.
2022-09-12 23:49:21,947 [main] INFO  [o.s.d.r.config.RepositoryConfigurationDelegate] RepositoryConfigurationDelegate.java:201 - Finished Spring Data repository scanning in 9 ms. Found 0 Redis repository interfaces.
2022-09-12 23:49:22,416 [main] INFO  [o.springframework.cloud.context.scope.GenericScope] GenericScope.java:283 - BeanFactory id=6c0f0672-e54f-3401-b419-29397ca32838
2022-09-12 23:49:22,560 [main] INFO  [c.u.j.c.EnableEncryptablePropertiesBeanFactoryPostProcessor] EnableEncryptablePropertiesBeanFactoryPostProcessor.java:50 - Post-processing PropertySource instances
2022-09-12 23:49:22,641 [main] INFO  [c.u.j.EncryptablePropertySourceConverter] EncryptablePropertySourceConverter.java:38 - Converting PropertySource configurationProperties [org.springframework.boot.context.properties.source.ConfigurationPropertySourcesPropertySource] to AOP Proxy
2022-09-12 23:49:22,641 [main] INFO  [c.u.j.EncryptablePropertySourceConverter] EncryptablePropertySourceConverter.java:38 - Converting PropertySource test [org.springframework.core.env.MapPropertySource] to EncryptableMapPropertySourceWrapper
2022-09-12 23:49:22,641 [main] INFO  [c.u.j.EncryptablePropertySourceConverter] EncryptablePropertySourceConverter.java:38 - Converting PropertySource Inlined Test Properties [org.springframework.core.env.MapPropertySource] to EncryptableMapPropertySourceWrapper
2022-09-12 23:49:22,641 [main] INFO  [c.u.j.EncryptablePropertySourceConverter] EncryptablePropertySourceConverter.java:38 - Converting PropertySource servletConfigInitParams [org.springframework.core.env.PropertySource$StubPropertySource] to EncryptablePropertySourceWrapper
2022-09-12 23:49:22,641 [main] INFO  [c.u.j.EncryptablePropertySourceConverter] EncryptablePropertySourceConverter.java:38 - Converting PropertySource servletContextInitParams [org.springframework.web.context.support.ServletContextPropertySource] to EncryptableEnumerablePropertySourceWrapper
2022-09-12 23:49:22,641 [main] INFO  [c.u.j.EncryptablePropertySourceConverter] EncryptablePropertySourceConverter.java:38 - Converting PropertySource systemProperties [org.springframework.core.env.PropertiesPropertySource] to EncryptableMapPropertySourceWrapper
2022-09-12 23:49:22,641 [main] INFO  [c.u.j.EncryptablePropertySourceConverter] EncryptablePropertySourceConverter.java:38 - Converting PropertySource systemEnvironment [org.springframework.boot.env.SystemEnvironmentPropertySourceEnvironmentPostProcessor$OriginAwareSystemEnvironmentPropertySource] to EncryptableMapPropertySourceWrapper
2022-09-12 23:49:22,641 [main] INFO  [c.u.j.EncryptablePropertySourceConverter] EncryptablePropertySourceConverter.java:38 - Converting PropertySource random [org.springframework.boot.env.RandomValuePropertySource] to EncryptablePropertySourceWrapper
2022-09-12 23:49:22,641 [main] INFO  [c.u.j.EncryptablePropertySourceConverter] EncryptablePropertySourceConverter.java:38 - Converting PropertySource cachedrandom [org.springframework.cloud.util.random.CachedRandomPropertySource] to EncryptablePropertySourceWrapper
2022-09-12 23:49:22,641 [main] INFO  [c.u.j.EncryptablePropertySourceConverter] EncryptablePropertySourceConverter.java:38 - Converting PropertySource springCloudClientHostInfo [org.springframework.core.env.MapPropertySource] to EncryptableMapPropertySourceWrapper
2022-09-12 23:49:22,641 [main] INFO  [c.u.j.EncryptablePropertySourceConverter] EncryptablePropertySourceConverter.java:38 - Converting PropertySource application-dev.yml [org.springframework.boot.env.OriginTrackedMapPropertySource] to EncryptableMapPropertySourceWrapper
2022-09-12 23:49:22,641 [main] INFO  [c.u.j.EncryptablePropertySourceConverter] EncryptablePropertySourceConverter.java:38 - Converting PropertySource Config resource 'class path resource [application.yml]' via location 'optional:classpath:/' [org.springframework.boot.env.OriginTrackedMapPropertySource] to EncryptableMapPropertySourceWrapper
2022-09-12 23:49:22,697 [main] INFO  [c.u.j.filter.DefaultLazyPropertyFilter] DefaultLazyPropertyFilter.java:31 - Property Filter custom Bean not found with name 'encryptablePropertyFilter'. Initializing Default Property Filter
2022-09-12 23:49:22,741 [main] INFO  [o.s.c.s.PostProcessorRegistrationDelegate$BeanPostProcessorChecker] PostProcessorRegistrationDelegate.java:376 - Bean 'org.springframework.cloud.commons.config.CommonsConfigAutoConfiguration' of type [org.springframework.cloud.commons.config.CommonsConfigAutoConfiguration] is not eligible for getting processed by all BeanPostProcessors (for example: not eligible for auto-proxying)
2022-09-12 23:49:22,744 [main] INFO  [o.s.c.s.PostProcessorRegistrationDelegate$BeanPostProcessorChecker] PostProcessorRegistrationDelegate.java:376 - Bean 'org.springframework.cloud.client.loadbalancer.LoadBalancerDefaultMappingsProviderAutoConfiguration' of type [org.springframework.cloud.client.loadbalancer.LoadBalancerDefaultMappingsProviderAutoConfiguration] is not eligible for getting processed by all BeanPostProcessors (for example: not eligible for auto-proxying)
2022-09-12 23:49:22,744 [main] INFO  [o.s.c.s.PostProcessorRegistrationDelegate$BeanPostProcessorChecker] PostProcessorRegistrationDelegate.java:376 - Bean 'loadBalancerClientsDefaultsMappingsProvider' of type [org.springframework.cloud.client.loadbalancer.LoadBalancerDefaultMappingsProviderAutoConfiguration$$Lambda$807/224885737] is not eligible for getting processed by all BeanPostProcessors (for example: not eligible for auto-proxying)
2022-09-12 23:49:22,744 [main] INFO  [o.s.c.s.PostProcessorRegistrationDelegate$BeanPostProcessorChecker] PostProcessorRegistrationDelegate.java:376 - Bean 'defaultsBindHandlerAdvisor' of type [org.springframework.cloud.commons.config.DefaultsBindHandlerAdvisor] is not eligible for getting processed by all BeanPostProcessors (for example: not eligible for auto-proxying)
2022-09-12 23:49:22,760 [main] INFO  [o.s.c.s.PostProcessorRegistrationDelegate$BeanPostProcessorChecker] PostProcessorRegistrationDelegate.java:376 - Bean 'stringToNoneShardingStrategyConfigurationConverter' of type [org.apache.shardingsphere.spring.boot.converter.StringToNoneShardingStrategyConfigurationConverter] is not eligible for getting processed by all BeanPostProcessors (for example: not eligible for auto-proxying)
2022-09-12 23:49:22,760 [main] INFO  [o.s.c.s.PostProcessorRegistrationDelegate$BeanPostProcessorChecker] PostProcessorRegistrationDelegate.java:376 - Bean 'spring.shardingsphere-org.apache.shardingsphere.spring.boot.prop.SpringBootPropertiesConfiguration' of type [org.apache.shardingsphere.spring.boot.prop.SpringBootPropertiesConfiguration] is not eligible for getting processed by all BeanPostProcessors (for example: not eligible for auto-proxying)
2022-09-12 23:49:22,780 [main] INFO  [c.u.j.resolver.DefaultLazyPropertyResolver] DefaultLazyPropertyResolver.java:31 - Property Resolver custom Bean not found with name 'encryptablePropertyResolver'. Initializing Default Property Resolver
2022-09-12 23:49:22,780 [main] INFO  [c.u.j.detector.DefaultLazyPropertyDetector] DefaultLazyPropertyDetector.java:30 - Property Detector custom Bean not found with name 'encryptablePropertyDetector'. Initializing Default Property Detector
2022-09-12 23:49:23,295 [main] INFO  [o.s.c.s.PostProcessorRegistrationDelegate$BeanPostProcessorChecker] PostProcessorRegistrationDelegate.java:376 - Bean 'org.apache.shardingsphere.spring.boot.ShardingSphereAutoConfiguration' of type [org.apache.shardingsphere.spring.boot.ShardingSphereAutoConfiguration$$EnhancerBySpringCGLIB$$d58072e4] is not eligible for getting processed by all BeanPostProcessors (for example: not eligible for auto-proxying)
2022-09-12 23:49:24,172 [main] INFO  [o.s.c.s.PostProcessorRegistrationDelegate$BeanPostProcessorChecker] PostProcessorRegistrationDelegate.java:376 - Bean 'spring.cloud.sentinel-com.alibaba.cloud.sentinel.SentinelProperties' of type [com.alibaba.cloud.sentinel.SentinelProperties] is not eligible for getting processed by all BeanPostProcessors (for example: not eligible for auto-proxying)
2022-09-12 23:49:24,297 [main] INFO  [o.s.c.s.PostProcessorRegistrationDelegate$BeanPostProcessorChecker] PostProcessorRegistrationDelegate.java:376 - Bean 'com.alibaba.cloud.sentinel.custom.SentinelAutoConfiguration' of type [com.alibaba.cloud.sentinel.custom.SentinelAutoConfiguration] is not eligible for getting processed by all BeanPostProcessors (for example: not eligible for auto-proxying)
2022-09-12 23:49:24,748 [main] INFO  [com.zaxxer.hikari.HikariDataSource] HikariDataSource.java:110 - HikariPool-1 - Starting...
2022-09-12 23:49:24,988 [main] INFO  [com.zaxxer.hikari.HikariDataSource] HikariDataSource.java:123 - HikariPool-1 - Start completed.
2022-09-12 23:49:24,988 [main] INFO  [com.zaxxer.hikari.HikariDataSource] HikariDataSource.java:110 - HikariPool-2 - Starting...
2022-09-12 23:49:25,004 [main] INFO  [com.zaxxer.hikari.HikariDataSource] HikariDataSource.java:123 - HikariPool-2 - Start completed.
2022-09-12 23:49:29,419 [main] INFO  [c.alibaba.cloud.sentinel.SentinelWebMvcConfigurer] SentinelWebMvcConfigurer.java:52 - [Sentinel Starter] register SentinelWebInterceptor with urlPatterns: [/**].
2022-09-12 23:49:31,306 [main] INFO  [o.s.cloud.openfeign.FeignClientFactoryBean] FeignClientFactoryBean.java:418 - For 'pig-upms-biz' URL not provided. Will try picking an instance via load-balancing.
2022-09-12 23:49:31,723 [main] INFO  [o.s.cloud.openfeign.FeignClientFactoryBean] FeignClientFactoryBean.java:418 - For 'pig-upms-biz' URL not provided. Will try picking an instance via load-balancing.
2022-09-12 23:49:32,357 [main] INFO  [org.quartz.impl.StdSchedulerFactory] StdSchedulerFactory.java:1220 - Using default implementation for ThreadExecutor
2022-09-12 23:49:32,373 [main] INFO  [org.quartz.core.SchedulerSignalerImpl] SchedulerSignalerImpl.java:61 - Initialized Scheduler Signaller of type: class org.quartz.core.SchedulerSignalerImpl
2022-09-12 23:49:32,373 [main] INFO  [org.quartz.core.QuartzScheduler] QuartzScheduler.java:229 - Quartz Scheduler v.2.3.2 created.
2022-09-12 23:49:32,373 [main] INFO  [org.quartz.simpl.RAMJobStore] RAMJobStore.java:155 - RAMJobStore initialized.
2022-09-12 23:49:32,373 [main] INFO  [org.quartz.core.QuartzScheduler] QuartzScheduler.java:294 - Scheduler meta-data: Quartz Scheduler (v2.3.2) 'quartzScheduler' with instanceId 'NON_CLUSTERED'
  Scheduler class: 'org.quartz.core.QuartzScheduler' - running locally.
  NOT STARTED.
  Currently in standby mode.
  Number of jobs executed: 0
  Using thread pool 'org.quartz.simpl.SimpleThreadPool' - with 10 threads.
  Using job-store 'org.quartz.simpl.RAMJobStore' - which does not support persistence. and is not clustered.

2022-09-12 23:49:32,373 [main] INFO  [org.quartz.impl.StdSchedulerFactory] StdSchedulerFactory.java:1374 - Quartz scheduler 'quartzScheduler' initialized from an externally provided properties instance.
2022-09-12 23:49:32,373 [main] INFO  [org.quartz.impl.StdSchedulerFactory] StdSchedulerFactory.java:1378 - Quartz scheduler version: 2.3.2
2022-09-12 23:49:32,373 [main] INFO  [org.quartz.core.QuartzScheduler] QuartzScheduler.java:2293 - JobFactory set to: org.springframework.scheduling.quartz.SpringBeanJobFactory@376f3de6
2022-09-12 23:49:34,477 [main] INFO  [o.s.security.web.DefaultSecurityFilterChain] DefaultSecurityFilterChain.java:55 - Will secure any request with [org.springframework.security.web.context.request.async.WebAsyncManagerIntegrationFilter@22aca9c1, org.springframework.security.web.context.SecurityContextPersistenceFilter@28446b82, org.springframework.security.web.header.HeaderWriterFilter@2d2ec76, org.springframework.security.web.authentication.logout.LogoutFilter@4975f618, org.springframework.security.oauth2.provider.authentication.OAuth2AuthenticationProcessingFilter@95a02c0, org.springframework.security.web.savedrequest.RequestCacheAwareFilter@4d98763f, org.springframework.security.web.servletapi.SecurityContextHolderAwareRequestFilter@366b82ec, org.springframework.security.web.authentication.AnonymousAuthenticationFilter@44f61a32, org.springframework.security.web.session.SessionManagementFilter@5813c42a, org.springframework.security.web.access.ExceptionTranslationFilter@2a37e02b, org.springframework.security.web.access.intercept.FilterSecurityInterceptor@6bf1bfec]
2022-09-12 23:49:34,939 [main] INFO  [o.s.b.actuate.endpoint.web.EndpointLinksResolver] EndpointLinksResolver.java:58 - Exposing 21 endpoint(s) beneath base path '/actuator'
2022-09-12 23:49:41,272 [main] INFO  [o.s.m.simp.broker.SimpleBrokerMessageHandler] CompositeLog.java:137 - Starting...
2022-09-12 23:49:41,272 [main] INFO  [o.s.m.simp.broker.SimpleBrokerMessageHandler] CompositeLog.java:137 - BrokerAvailabilityEvent[available=true, SimpleBrokerMessageHandler [org.springframework.messaging.simp.broker.DefaultSubscriptionRegistry@1159baca]]
2022-09-12 23:49:41,272 [main] INFO  [o.s.m.simp.broker.SimpleBrokerMessageHandler] CompositeLog.java:137 - Started.
2022-09-12 23:49:41,272 [main] INFO  [o.s.scheduling.quartz.SchedulerFactoryBean] SchedulerFactoryBean.java:729 - Starting Quartz Scheduler now
2022-09-12 23:49:41,272 [main] INFO  [org.quartz.core.QuartzScheduler] QuartzScheduler.java:547 - Scheduler quartzScheduler_$_NON_CLUSTERED started.
2022-09-12 23:49:41,281 [main] INFO  [com.pig4cloud.pig.datas.test] StartupInfoLogger.java:61 - Started test in 28.515 seconds (JVM running for 30.649)
2022-09-12 23:49:41,297 [main] INFO  [c.a.cloud.nacos.refresh.NacosContextRefresher] NacosContextRefresher.java:105 - listening config: dataId=datas-biz-dev.yml, group=DEFAULT_GROUP
2022-09-12 23:49:41,297 [main] INFO  [c.a.cloud.nacos.refresh.NacosContextRefresher] NacosContextRefresher.java:105 - listening config: dataId=application-dev.yml, group=DEFAULT_GROUP
2022-09-12 23:49:42,592 [main] INFO  [ShardingSphere-SQL] SQLLogger.java:74 - Logic SQL: SELECT  id,pro,city,native_relative,asymptomatic,asymptomatic_relative,confirmed,confirmed_relative,died,died_relative,cur_confirm,crued,crued_relative,city_code,administrative_code,create_by,create_time,update_by,update_time  FROM data_china_city 
 
 WHERE (city = ?)
2022-09-12 23:49:42,592 [main] INFO  [ShardingSphere-SQL] SQLLogger.java:74 - SQLStatement: MySQLSelectStatement(table=Optional.empty, limit=Optional.empty, lock=Optional.empty, window=Optional.empty)
2022-09-12 23:49:42,592 [main] INFO  [ShardingSphere-SQL] SQLLogger.java:74 - Actual SQL: slave0 ::: SELECT  id,pro,city,native_relative,asymptomatic,asymptomatic_relative,confirmed,confirmed_relative,died,died_relative,cur_confirm,crued,crued_relative,city_code,administrative_code,create_by,create_time,update_by,update_time  FROM data_china_city 
 
 WHERE (city = ?) ::: [三沙]
2022-09-12 23:49:42,717 [SpringApplicationShutdownHook] INFO  [o.s.m.simp.broker.SimpleBrokerMessageHandler] CompositeLog.java:137 - Stopping...
2022-09-12 23:49:42,717 [SpringApplicationShutdownHook] INFO  [o.s.m.simp.broker.SimpleBrokerMessageHandler] CompositeLog.java:137 - BrokerAvailabilityEvent[available=false, SimpleBrokerMessageHandler [org.springframework.messaging.simp.broker.DefaultSubscriptionRegistry@1159baca]]
2022-09-12 23:49:42,717 [SpringApplicationShutdownHook] INFO  [o.s.m.simp.broker.SimpleBrokerMessageHandler] CompositeLog.java:137 - Stopped.
2022-09-12 23:49:42,717 [SpringApplicationShutdownHook] INFO  [org.quartz.core.QuartzScheduler] QuartzScheduler.java:585 - Scheduler quartzScheduler_$_NON_CLUSTERED paused.
2022-09-12 23:49:42,717 [SpringApplicationShutdownHook] INFO  [o.s.scheduling.quartz.SchedulerFactoryBean] SchedulerFactoryBean.java:847 - Shutting down Quartz Scheduler
2022-09-12 23:49:42,717 [SpringApplicationShutdownHook] INFO  [org.quartz.core.QuartzScheduler] QuartzScheduler.java:666 - Scheduler quartzScheduler_$_NON_CLUSTERED shutting down.
2022-09-12 23:49:42,717 [SpringApplicationShutdownHook] INFO  [org.quartz.core.QuartzScheduler] QuartzScheduler.java:585 - Scheduler quartzScheduler_$_NON_CLUSTERED paused.
2022-09-12 23:49:42,717 [SpringApplicationShutdownHook] INFO  [org.quartz.core.QuartzScheduler] QuartzScheduler.java:740 - Scheduler quartzScheduler_$_NON_CLUSTERED shutdown complete.
2022-09-12 23:49:48,804 [SpringApplicationShutdownHook] INFO  [com.zaxxer.hikari.HikariDataSource] HikariDataSource.java:350 - HikariPool-1 - Shutdown initiated...
2022-09-12 23:49:48,820 [SpringApplicationShutdownHook] INFO  [com.zaxxer.hikari.HikariDataSource] HikariDataSource.java:352 - HikariPool-1 - Shutdown completed.
2022-09-12 23:49:48,820 [SpringApplicationShutdownHook] INFO  [com.zaxxer.hikari.HikariDataSource] HikariDataSource.java:350 - HikariPool-2 - Shutdown initiated...
2022-09-12 23:49:48,820 [SpringApplicationShutdownHook] INFO  [com.zaxxer.hikari.HikariDataSource] HikariDataSource.java:352 - HikariPool-2 - Shutdown completed.
